<?xml version="1.0" encoding="UTF-8"?>
<testng-results ignored="0" total="1" passed="1" failed="0" skipped="0">
  <reporter-output>
  </reporter-output>
  <suite started-at="2025-08-21T09:19:30 IST" name="Default suite" finished-at="2025-08-21T09:19:54 IST" duration-ms="23272">
    <groups>
    </groups>
    <test started-at="2025-08-21T09:19:30 IST" name="Default test" finished-at="2025-08-21T09:19:54 IST" duration-ms="23272">
      <class name="Task_Member2.DatePickerTest">
        <test-method signature="testDatePicker()[pri:0, instance:Task_Member2.DatePickerTest@3754a4bf]" started-at="2025-08-21T09:19:31 IST" name="testDatePicker" finished-at="2025-08-21T09:19:54 IST" duration-ms="23223" status="PASS">
          <reporter-output>
          </reporter-output>
        </test-method> <!-- testDatePicker -->
      </class> <!-- Task_Member2.DatePickerTest -->
    </test> <!-- Default test -->
  </suite> <!-- Default suite -->
</testng-results>
