<?xml version="1.0" encoding="UTF-8"?>
<testng-results ignored="0" total="1" passed="1" failed="0" skipped="0">
  <reporter-output>
  </reporter-output>
  <suite started-at="2025-08-25T09:52:09 IST" name="Default suite" finished-at="2025-08-25T09:52:19 IST" duration-ms="9343">
    <groups>
    </groups>
    <test started-at="2025-08-25T09:52:09 IST" name="Default test" finished-at="2025-08-25T09:52:19 IST" duration-ms="9343">
      <class name="com.framework.test.SmokeTest">
        <test-method is-config="true" signature="setUp()[pri:0, instance:com.framework.test.SmokeTest@24313fcc]" started-at="2025-08-25T09:52:09 IST" name="setUp" finished-at="2025-08-25T09:52:11 IST" duration-ms="2076" status="PASS">
          <reporter-output>
          </reporter-output>
        </test-method> <!-- setUp -->
        <test-method signature="openDemoQA()[pri:0, instance:com.framework.test.SmokeTest@24313fcc]" started-at="2025-08-25T09:52:11 IST" name="openDemoQA" finished-at="2025-08-25T09:52:18 IST" duration-ms="6985" status="PASS">
          <reporter-output>
          </reporter-output>
        </test-method> <!-- openDemoQA -->
        <test-method is-config="true" signature="tearDown()[pri:0, instance:com.framework.test.SmokeTest@24313fcc]" started-at="2025-08-25T09:52:18 IST" name="tearDown" finished-at="2025-08-25T09:52:19 IST" duration-ms="243" status="PASS">
          <reporter-output>
          </reporter-output>
        </test-method> <!-- tearDown -->
      </class> <!-- com.framework.test.SmokeTest -->
    </test> <!-- Default test -->
  </suite> <!-- Default suite -->
</testng-results>
