<?xml version="1.0" encoding="UTF-8"?>
<testng-results ignored="0" total="1" passed="1" failed="0" skipped="0">
  <reporter-output>
  </reporter-output>
  <suite started-at="2025-08-25T10:56:04 IST" name="Default suite" finished-at="2025-08-25T10:56:11 IST" duration-ms="7785">
    <groups>
    </groups>
    <test started-at="2025-08-25T10:56:04 IST" name="Default test" finished-at="2025-08-25T10:56:11 IST" duration-ms="7785">
      <class name="com.framework.test.SmokeTest">
        <test-method is-config="true" signature="setUp()[pri:0, instance:com.framework.test.SmokeTest@24313fcc]" started-at="2025-08-25T10:56:04 IST" name="setUp" finished-at="2025-08-25T10:56:05 IST" duration-ms="1507" status="PASS">
          <reporter-output>
          </reporter-output>
        </test-method> <!-- setUp -->
        <test-method signature="openDemoQA()[pri:0, instance:com.framework.test.SmokeTest@24313fcc]" started-at="2025-08-25T10:56:05 IST" name="openDemoQA" finished-at="2025-08-25T10:56:11 IST" duration-ms="6073" status="PASS">
          <reporter-output>
          </reporter-output>
        </test-method> <!-- openDemoQA -->
        <test-method is-config="true" signature="tearDown()[pri:0, instance:com.framework.test.SmokeTest@24313fcc]" started-at="2025-08-25T10:56:11 IST" name="tearDown" finished-at="2025-08-25T10:56:11 IST" duration-ms="166" status="PASS">
          <reporter-output>
          </reporter-output>
        </test-method> <!-- tearDown -->
      </class> <!-- com.framework.test.SmokeTest -->
    </test> <!-- Default test -->
  </suite> <!-- Default suite -->
</testng-results>
