<?xml version="1.0" encoding="UTF-8"?>
<testng-results ignored="0" total="1" passed="1" failed="0" skipped="0">
  <reporter-output>
  </reporter-output>
  <suite started-at="2025-08-21T16:58:25 IST" name="Default suite" finished-at="2025-08-21T16:58:30 IST" duration-ms="5657">
    <groups>
    </groups>
    <test started-at="2025-08-21T16:58:25 IST" name="Default test" finished-at="2025-08-21T16:58:30 IST" duration-ms="5657">
      <class name="Test.FramesTest">
        <test-method signature="testFramesText()[pri:0, instance:Test.FramesTest@5fe94a96]" started-at="2025-08-21T16:58:25 IST" name="testFramesText" finished-at="2025-08-21T16:58:30 IST" duration-ms="5625" status="PASS">
          <reporter-output>
          </reporter-output>
        </test-method> <!-- testFramesText -->
      </class> <!-- Test.FramesTest -->
    </test> <!-- Default test -->
  </suite> <!-- Default suite -->
</testng-results>
