<?xml version="1.0" encoding="UTF-8"?>
<testng-results ignored="0" total="1" passed="1" failed="0" skipped="0">
  <reporter-output>
  </reporter-output>
  <suite started-at="2025-08-23T22:20:59 IST" name="Default suite" finished-at="2025-08-23T22:21:11 IST" duration-ms="11841">
    <groups>
    </groups>
    <test started-at="2025-08-23T22:20:59 IST" name="Default test" finished-at="2025-08-23T22:21:11 IST" duration-ms="11841">
      <class name="tests.DemoQATest">
        <test-method is-config="true" signature="setup()[pri:0, instance:tests.DemoQATest@45fd9a4d]" started-at="2025-08-23T22:20:59 IST" name="setup" finished-at="2025-08-23T22:21:00 IST" duration-ms="1555" status="PASS">
          <reporter-output>
          </reporter-output>
        </test-method> <!-- setup -->
        <test-method signature="fillDemoQAForm()[pri:0, instance:tests.DemoQATest@45fd9a4d]" started-at="2025-08-23T22:21:00 IST" name="fillDemoQAForm" finished-at="2025-08-23T22:21:10 IST" duration-ms="9991" status="PASS">
          <reporter-output>
          </reporter-output>
        </test-method> <!-- fillDemoQAForm -->
        <test-method is-config="true" signature="tearDown()[pri:0, instance:tests.DemoQATest@45fd9a4d]" started-at="2025-08-23T22:21:10 IST" name="tearDown" finished-at="2025-08-23T22:21:11 IST" duration-ms="259" status="PASS">
          <reporter-output>
          </reporter-output>
        </test-method> <!-- tearDown -->
      </class> <!-- tests.DemoQATest -->
    </test> <!-- Default test -->
  </suite> <!-- Default suite -->
</testng-results>
